<component name="libraryTable">
  <library name="junit-platform-console-standalone-1.9.2">
    <CLASSES>
      <root url="jar://$PROJECT_DIR$/../../../../../Program Files/Java/artificats/junit-platform-console-standalone-1.9.2.jar!/" />
      <root url="jar://$PROJECT_DIR$/../../../../../Program Files/Java/artificats/junit-4.13.2.jar!/" />
      <root url="jar://$PROJECT_DIR$/../../../../../Program Files/Java/artificats/hamcrest-core-2.2.jar!/" />
      <root url="jar://$PROJECT_DIR$/../../../../../Program Files/Java/artificats/hamcrest-all-1.3.jar!/" />
    </CLASSES>
    <JAVADOC />
    <SOURCES />
  </library>
</component>